<?xml version="1.0" encoding="UTF-8"?>
<!-- Generated by org.testng.reporters.JUnitReportReporter -->
<testsuite hostname="kundesh" failures="0" tests="2" name="com.eva.vtiger.ddami.School" time="0.006" errors="0" timestamp="2023-10-17T17:32:24 IST" skipped="0">
  <testcase classname="com.eva.vtiger.ddami.School" name="schoolEmplyee" time="0.002"/>
  <system-out/>
  <testcase classname="com.eva.vtiger.ddami.School" name="schoolTeacher" time="0.004"/>
  <system-out/>
</testsuite> <!-- com.eva.vtiger.ddami.School -->
