<?xml version="1.0" encoding="UTF-8"?>
<!-- Generated by org.testng.reporters.JUnitReportReporter -->
<testsuite hostname="kundesh" failures="0" tests="1" name="com.eva.vtiger.ddami.Marketing" time="4.908" errors="0" timestamp="2023-10-18T16:46:44 IST" skipped="0">
  <testcase classname="com.eva.vtiger.ddami.Marketing" name="createAccount" time="4.908"/>
  <system-out/>
</testsuite> <!-- com.eva.vtiger.ddami.Marketing -->
